# JRE version: OpenJDK Runtime Environment Temurin-21.0.9+10 (21.0.9+10) (build 21.0.9+10-LTS)
# Java VM: OpenJDK 64-Bit Server VM Temurin-21.0.9+10 (21.0.9+10-LTS, mixed mode, sharing, tiered, compressed oops, compressed class ptrs, parallel gc, windows-amd64)
GC Precious Log:
 CardTable entry size: 512
 CPUs: 20 total, 20 available
 Memory: 16095M
 Large Page Support: Disabled
 NUMA Support: Disabled
 Compressed Oops: Enabled (32-bit)
 Alignments: Space 512K, Generation 512K, Heap 2M
 Heap Min Capacity: 100M
 Heap Initial Capacity: 100M
 Heap Max Capacity: 2G
 Pre-touch: Disabled
 Parallel Workers: 15
Heap:
 PSYoungGen      total 1536K, used 861K [0x00000000d5580000, 0x00000000d5800000, 0x0000000100000000)
  eden space 1024K, 43% used [0x00000000d5580000,0x00000000d55ef6d0,0x00000000d5680000)
  from space 512K, 81% used [0x00000000d5780000,0x00000000d57e8000,0x00000000d5800000)
  to   space 512K, 0% used [0x00000000d5700000,0x00000000d5700000,0x00000000d5780000)
 ParOldGen       total 457216K, used 107481K [0x0000000080000000, 0x000000009be80000, 0x00000000d5580000)
  object space 457216K, 23% used [0x0000000080000000,0x00000000868f6528,0x000000009be80000)
 Metaspace       used 77283K, committed 79168K, reserved 1179648K
  class space    used 7899K, committed 8768K, reserved 1048576K
GC Heap History (20 events):
Event: 12099.658 GC heap before
{Heap before GC invocations=801 (full 4):
 PSYoungGen      total 1536K, used 1471K [0x00000000d5580000, 0x00000000d5800000, 0x0000000100000000)
  eden space 1024K, 99% used [0x00000000d5580000,0x00000000d567fff0,0x00000000d5680000)
  from space 512K, 87% used [0x00000000d5780000,0x00000000d57f0000,0x00000000d5800000)
  to   space 512K, 0% used [0x00000000d5700000,0x00000000d5700000,0x00000000d5780000)
 ParOldGen       total 457216K, used 106505K [0x0000000080000000, 0x000000009be80000, 0x00000000d5580000)
  object space 457216K, 23% used [0x0000000080000000,0x0000000086802528,0x000000009be80000)
 Metaspace       used 77272K, committed 79168K, reserved 1179648K
  class space    used 7899K, committed 8768K, reserved 1048576K
}
Event: 12099.660 GC heap after
{Heap after GC invocations=801 (full 4):
 PSYoungGen      total 1536K, used 384K [0x00000000d5580000, 0x00000000d5800000, 0x0000000100000000)
  eden space 1024K, 0% used [0x00000000d5580000,0x00000000d5580000,0x00000000d5680000)
  from space 512K, 75% used [0x00000000d5700000,0x00000000d5760000,0x00000000d5780000)
  to   space 512K, 0% used [0x00000000d5780000,0x00000000d5780000,0x00000000d5800000)
 ParOldGen       total 457216K, used 106609K [0x0000000080000000, 0x000000009be80000, 0x00000000d5580000)
  object space 457216K, 23% used [0x0000000080000000,0x000000008681c528,0x000000009be80000)
 Metaspace       used 77272K, committed 79168K, reserved 1179648K
  class space    used 7899K, committed 8768K, reserved 1048576K
}
Event: 12100.934 GC heap before
{Heap before GC invocations=802 (full 4):
 PSYoungGen      total 1536K, used 1408K [0x00000000d5580000, 0x00000000d5800000, 0x0000000100000000)
  eden space 1024K, 100% used [0x00000000d5580000,0x00000000d5680000,0x00000000d5680000)
  from space 512K, 75% used [0x00000000d5700000,0x00000000d5760000,0x00000000d5780000)
  to   space 512K, 0% used [0x00000000d5780000,0x00000000d5780000,0x00000000d5800000)
 ParOldGen       total 457216K, used 106609K [0x0000000080000000, 0x000000009be80000, 0x00000000d5580000)
  object space 457216K, 23% used [0x0000000080000000,0x000000008681c528,0x000000009be80000)
 Metaspace       used 77276K, committed 79168K, reserved 1179648K
  class space    used 7899K, committed 8768K, reserved 1048576K
}
Event: 12100.935 GC heap after
{Heap after GC invocations=802 (full 4):
 PSYoungGen      total 1536K, used 416K [0x00000000d5580000, 0x00000000d5800000, 0x0000000100000000)
  eden space 1024K, 0% used [0x00000000d5580000,0x00000000d5580000,0x00000000d5680000)
  from space 512K, 81% used [0x00000000d5780000,0x00000000d57e8000,0x00000000d5800000)
  to   space 512K, 0% used [0x00000000d5700000,0x00000000d5700000,0x00000000d5780000)
 ParOldGen       total 457216K, used 106713K [0x0000000080000000, 0x000000009be80000, 0x00000000d5580000)
  object space 457216K, 23% used [0x0000000080000000,0x0000000086836528,0x000000009be80000)
 Metaspace       used 77276K, committed 79168K, reserved 1179648K
  class space    used 7899K, committed 8768K, reserved 1048576K
}
Event: 12101.022 GC heap before
{Heap before GC invocations=803 (full 4):
 PSYoungGen      total 1536K, used 1440K [0x00000000d5580000, 0x00000000d5800000, 0x0000000100000000)
  eden space 1024K, 100% used [0x00000000d5580000,0x00000000d5680000,0x00000000d5680000)
  from space 512K, 81% used [0x00000000d5780000,0x00000000d57e8000,0x00000000d5800000)
  to   space 512K, 0% used [0x00000000d5700000,0x00000000d5700000,0x00000000d5780000)
 ParOldGen       total 457216K, used 106713K [0x0000000080000000, 0x000000009be80000, 0x00000000d5580000)
  object space 457216K, 23% used [0x0000000080000000,0x0000000086836528,0x000000009be80000)
 Metaspace       used 77278K, committed 79168K, reserved 1179648K
  class space    used 7899K, committed 8768K, reserved 1048576K
}
Event: 12101.023 GC heap after
{Heap after GC invocations=803 (full 4):
 PSYoungGen      total 1536K, used 448K [0x00000000d5580000, 0x00000000d5800000, 0x0000000100000000)
  eden space 1024K, 0% used [0x00000000d5580000,0x00000000d5580000,0x00000000d5680000)
  from space 512K, 87% used [0x00000000d5700000,0x00000000d5770000,0x00000000d5780000)
  to   space 512K, 0% used [0x00000000d5780000,0x00000000d5780000,0x00000000d5800000)
 ParOldGen       total 457216K, used 106801K [0x0000000080000000, 0x000000009be80000, 0x00000000d5580000)
  object space 457216K, 23% used [0x0000000080000000,0x000000008684c528,0x000000009be80000)
 Metaspace       used 77278K, committed 79168K, reserved 1179648K
  class space    used 7899K, committed 8768K, reserved 1048576K
}
Event: 12777.725 GC heap before
{Heap before GC invocations=804 (full 4):
 PSYoungGen      total 1536K, used 1472K [0x00000000d5580000, 0x00000000d5800000, 0x0000000100000000)
  eden space 1024K, 100% used [0x00000000d5580000,0x00000000d5680000,0x00000000d5680000)
  from space 512K, 87% used [0x00000000d5700000,0x00000000d5770000,0x00000000d5780000)
  to   space 512K, 0% used [0x00000000d5780000,0x00000000d5780000,0x00000000d5800000)
 ParOldGen       total 457216K, used 106801K [0x0000000080000000, 0x000000009be80000, 0x00000000d5580000)
  object space 457216K, 23% used [0x0000000080000000,0x000000008684c528,0x000000009be80000)
 Metaspace       used 77281K, committed 79168K, reserved 1179648K
  class space    used 7899K, committed 8768K, reserved 1048576K
}
Event: 12777.732 GC heap after
{Heap after GC invocations=804 (full 4):
 PSYoungGen      total 1536K, used 352K [0x00000000d5580000, 0x00000000d5800000, 0x0000000100000000)
  eden space 1024K, 0% used [0x00000000d5580000,0x00000000d5580000,0x00000000d5680000)
  from space 512K, 68% used [0x00000000d5780000,0x00000000d57d8000,0x00000000d5800000)
  to   space 512K, 0% used [0x00000000d5700000,0x00000000d5700000,0x00000000d5780000)
 ParOldGen       total 457216K, used 106913K [0x0000000080000000, 0x000000009be80000, 0x00000000d5580000)
  object space 457216K, 23% used [0x0000000080000000,0x0000000086868528,0x000000009be80000)
 Metaspace       used 77281K, committed 79168K, reserved 1179648K
  class space    used 7899K, committed 8768K, reserved 1048576K
}
Event: 12892.539 GC heap before
{Heap before GC invocations=805 (full 4):
 PSYoungGen      total 1536K, used 1376K [0x00000000d5580000, 0x00000000d5800000, 0x0000000100000000)
  eden space 1024K, 100% used [0x00000000d5580000,0x00000000d5680000,0x00000000d5680000)
  from space 512K, 68% used [0x00000000d5780000,0x00000000d57d8000,0x00000000d5800000)
  to   space 512K, 0% used [0x00000000d5700000,0x00000000d5700000,0x00000000d5780000)
 ParOldGen       total 457216K, used 106913K [0x0000000080000000, 0x000000009be80000, 0x00000000d5580000)
  object space 457216K, 23% used [0x0000000080000000,0x0000000086868528,0x000000009be80000)
 Metaspace       used 77281K, committed 79168K, reserved 1179648K
  class space    used 7899K, committed 8768K, reserved 1048576K
}
Event: 12892.544 GC heap after
{Heap after GC invocations=805 (full 4):
 PSYoungGen      total 1536K, used 512K [0x00000000d5580000, 0x00000000d5880000, 0x0000000100000000)
  eden space 1024K, 0% used [0x00000000d5580000,0x00000000d5580000,0x00000000d5680000)
  from space 512K, 100% used [0x00000000d5700000,0x00000000d5780000,0x00000000d5780000)
  to   space 1024K, 0% used [0x00000000d5780000,0x00000000d5780000,0x00000000d5880000)
 ParOldGen       total 457216K, used 106961K [0x0000000080000000, 0x000000009be80000, 0x00000000d5580000)
  object space 457216K, 23% used [0x0000000080000000,0x0000000086874528,0x000000009be80000)
 Metaspace       used 77281K, committed 79168K, reserved 1179648K
  class space    used 7899K, committed 8768K, reserved 1048576K
}
Event: 12892.584 GC heap before
{Heap before GC invocations=806 (full 4):
 PSYoungGen      total 1536K, used 1535K [0x00000000d5580000, 0x00000000d5880000, 0x0000000100000000)
  eden space 1024K, 99% used [0x00000000d5580000,0x00000000d567ffd8,0x00000000d5680000)
  from space 512K, 100% used [0x00000000d5700000,0x00000000d5780000,0x00000000d5780000)
  to   space 1024K, 0% used [0x00000000d5780000,0x00000000d5780000,0x00000000d5880000)
 ParOldGen       total 457216K, used 106961K [0x0000000080000000, 0x000000009be80000, 0x00000000d5580000)
  object space 457216K, 23% used [0x0000000080000000,0x0000000086874528,0x000000009be80000)
 Metaspace       used 77281K, committed 79168K, reserved 1179648K
  class space    used 7899K, committed 8768K, reserved 1048576K
}
Event: 12892.585 GC heap after
{Heap after GC invocations=806 (full 4):
 PSYoungGen      total 1536K, used 320K [0x00000000d5580000, 0x00000000d5800000, 0x0000000100000000)
  eden space 1024K, 0% used [0x00000000d5580000,0x00000000d5580000,0x00000000d5680000)
  from space 512K, 62% used [0x00000000d5780000,0x00000000d57d0000,0x00000000d5800000)
  to   space 512K, 0% used [0x00000000d5700000,0x00000000d5700000,0x00000000d5780000)
 ParOldGen       total 457216K, used 107057K [0x0000000080000000, 0x000000009be80000, 0x00000000d5580000)
  object space 457216K, 23% used [0x0000000080000000,0x000000008688c528,0x000000009be80000)
 Metaspace       used 77281K, committed 79168K, reserved 1179648K
  class space    used 7899K, committed 8768K, reserved 1048576K
}
Event: 12893.738 GC heap before
{Heap before GC invocations=807 (full 4):
 PSYoungGen      total 1536K, used 1344K [0x00000000d5580000, 0x00000000d5800000, 0x0000000100000000)
  eden space 1024K, 100% used [0x00000000d5580000,0x00000000d5680000,0x00000000d5680000)
  from space 512K, 62% used [0x00000000d5780000,0x00000000d57d0000,0x00000000d5800000)
  to   space 512K, 0% used [0x00000000d5700000,0x00000000d5700000,0x00000000d5780000)
 ParOldGen       total 457216K, used 107057K [0x0000000080000000, 0x000000009be80000, 0x00000000d5580000)
  object space 457216K, 23% used [0x0000000080000000,0x000000008688c528,0x000000009be80000)
 Metaspace       used 77281K, committed 79168K, reserved 1179648K
  class space    used 7899K, committed 8768K, reserved 1048576K
}
Event: 12893.741 GC heap after
{Heap after GC invocations=807 (full 4):
 PSYoungGen      total 1536K, used 480K [0x00000000d5580000, 0x00000000d5800000, 0x0000000100000000)
  eden space 1024K, 0% used [0x00000000d5580000,0x00000000d5580000,0x00000000d5680000)
  from space 512K, 93% used [0x00000000d5700000,0x00000000d5778000,0x00000000d5780000)
  to   space 512K, 0% used [0x00000000d5780000,0x00000000d5780000,0x00000000d5800000)
 ParOldGen       total 457216K, used 107177K [0x0000000080000000, 0x000000009be80000, 0x00000000d5580000)
  object space 457216K, 23% used [0x0000000080000000,0x00000000868aa528,0x000000009be80000)
 Metaspace       used 77281K, committed 79168K, reserved 1179648K
  class space    used 7899K, committed 8768K, reserved 1048576K
}
Event: 12893.811 GC heap before
{Heap before GC invocations=808 (full 4):
 PSYoungGen      total 1536K, used 1503K [0x00000000d5580000, 0x00000000d5800000, 0x0000000100000000)
  eden space 1024K, 99% used [0x00000000d5580000,0x00000000d567fff8,0x00000000d5680000)
  from space 512K, 93% used [0x00000000d5700000,0x00000000d5778000,0x00000000d5780000)
  to   space 512K, 0% used [0x00000000d5780000,0x00000000d5780000,0x00000000d5800000)
 ParOldGen       total 457216K, used 107177K [0x0000000080000000, 0x000000009be80000, 0x00000000d5580000)
  object space 457216K, 23% used [0x0000000080000000,0x00000000868aa528,0x000000009be80000)
 Metaspace       used 77282K, committed 79168K, reserved 1179648K
  class space    used 7899K, committed 8768K, reserved 1048576K
}
Event: 12893.812 GC heap after
{Heap after GC invocations=808 (full 4):
 PSYoungGen      total 1536K, used 416K [0x00000000d5580000, 0x00000000d5800000, 0x0000000100000000)
  eden space 1024K, 0% used [0x00000000d5580000,0x00000000d5580000,0x00000000d5680000)
  from space 512K, 81% used [0x00000000d5780000,0x00000000d57e8000,0x00000000d5800000)
  to   space 512K, 0% used [0x00000000d5700000,0x00000000d5700000,0x00000000d5780000)
 ParOldGen       total 457216K, used 107265K [0x0000000080000000, 0x000000009be80000, 0x00000000d5580000)
  object space 457216K, 23% used [0x0000000080000000,0x00000000868c0528,0x000000009be80000)
 Metaspace       used 77282K, committed 79168K, reserved 1179648K
  class space    used 7899K, committed 8768K, reserved 1048576K
}
Event: 12933.802 GC heap before
{Heap before GC invocations=809 (full 4):
 PSYoungGen      total 1536K, used 1439K [0x00000000d5580000, 0x00000000d5800000, 0x0000000100000000)
  eden space 1024K, 99% used [0x00000000d5580000,0x00000000d567fff0,0x00000000d5680000)
  from space 512K, 81% used [0x00000000d5780000,0x00000000d57e8000,0x00000000d5800000)
  to   space 512K, 0% used [0x00000000d5700000,0x00000000d5700000,0x00000000d5780000)
 ParOldGen       total 457216K, used 107265K [0x0000000080000000, 0x000000009be80000, 0x00000000d5580000)
  object space 457216K, 23% used [0x0000000080000000,0x00000000868c0528,0x000000009be80000)
 Metaspace       used 77282K, committed 79168K, reserved 1179648K
  class space    used 7899K, committed 8768K, reserved 1048576K
}
Event: 12933.805 GC heap after
{Heap after GC invocations=809 (full 4):
 PSYoungGen      total 1536K, used 512K [0x00000000d5580000, 0x00000000d5880000, 0x0000000100000000)
  eden space 1024K, 0% used [0x00000000d5580000,0x00000000d5580000,0x00000000d5680000)
  from space 512K, 100% used [0x00000000d5700000,0x00000000d5780000,0x00000000d5780000)
  to   space 1024K, 0% used [0x00000000d5780000,0x00000000d5780000,0x00000000d5880000)
 ParOldGen       total 457216K, used 107385K [0x0000000080000000, 0x000000009be80000, 0x00000000d5580000)
  object space 457216K, 23% used [0x0000000080000000,0x00000000868de528,0x000000009be80000)
 Metaspace       used 77282K, committed 79168K, reserved 1179648K
  class space    used 7899K, committed 8768K, reserved 1048576K
}
Event: 12933.837 GC heap before
{Heap before GC invocations=810 (full 4):
 PSYoungGen      total 1536K, used 1535K [0x00000000d5580000, 0x00000000d5880000, 0x0000000100000000)
  eden space 1024K, 99% used [0x00000000d5580000,0x00000000d567fff8,0x00000000d5680000)
  from space 512K, 100% used [0x00000000d5700000,0x00000000d5780000,0x00000000d5780000)
  to   space 1024K, 0% used [0x00000000d5780000,0x00000000d5780000,0x00000000d5880000)
 ParOldGen       total 457216K, used 107385K [0x0000000080000000, 0x000000009be80000, 0x00000000d5580000)
  object space 457216K, 23% used [0x0000000080000000,0x00000000868de528,0x000000009be80000)
 Metaspace       used 77283K, committed 79168K, reserved 1179648K
  class space    used 7899K, committed 8768K, reserved 1048576K
}
Event: 12933.838 GC heap after
{Heap after GC invocations=810 (full 4):
 PSYoungGen      total 1536K, used 416K [0x00000000d5580000, 0x00000000d5800000, 0x0000000100000000)
  eden space 1024K, 0% used [0x00000000d5580000,0x00000000d5580000,0x00000000d5680000)
  from space 512K, 81% used [0x00000000d5780000,0x00000000d57e8000,0x00000000d5800000)
  to   space 512K, 0% used [0x00000000d5700000,0x00000000d5700000,0x00000000d5780000)
 ParOldGen       total 457216K, used 107481K [0x0000000080000000, 0x000000009be80000, 0x00000000d5580000)
  object space 457216K, 23% used [0x0000000080000000,0x00000000868f6528,0x000000009be80000)
 Metaspace       used 77283K, committed 79168K, reserved 1179648K
  class space    used 7899K, committed 8768K, reserved 1048576K
}

